<?xml version="1.0" encoding="UTF-8"?>
<!-- Generated by org.testng.reporters.JUnitReportReporter -->
<testsuite hostname="Balaji" name="IdeaSalesforce.LoginTest" tests="1" failures="0" timestamp="1 Oct 2015 22:41:49 GMT" time="28.097" errors="0">
  <testcase name="enterInvalidCredentials" time="28.097" classname="IdeaSalesforce.LoginTest"/>
</testsuite> <!-- IdeaSalesforce.LoginTest -->
