<?xml version="1.0" encoding="UTF-8"?>
<!-- Generated by org.testng.reporters.JUnitReportReporter -->
<testsuite hostname="Balaji" name="IdeaSalesforce.LoginTest" tests="1" failures="0" timestamp="4 Oct 2015 21:43:39 GMT" time="40.849" errors="0">
  <testcase name="salesRep" time="40.849" classname="IdeaSalesforce.LoginTest"/>
</testsuite> <!-- IdeaSalesforce.LoginTest -->
